<?xml version="1.0" encoding="UTF-8"?>
<!-- Generated by org.testng.reporters.JUnitReportReporter -->
<testsuite hostname="MUKESHN-WIN10" failures="0" tests="1" name="TestCases.SS_MediaPageTestCases" time="96.665" errors="0" timestamp="2023-11-06T15:33:56 IST" skipped="0">
  <testcase classname="TestCases.SS_MediaPageTestCases" name="ValidatepinProfileBtnInMediPlayerPage" time="96.665"/>
  <system-out/>
</testsuite> <!-- TestCases.SS_MediaPageTestCases -->
