<?xml version="1.0" encoding="UTF-8"?>
<!-- Generated by org.testng.reporters.JUnitReportReporter -->
<testsuite hostname="MUKESHN-WIN10" failures="0" tests="2" name="TestCases.MyAddresses_TestCases" time="169.500" errors="0" timestamp="2024-09-30T22:33:47 IST" skipped="0">
  <testcase classname="TestCases.MyAddresses_TestCases" name="AddAnewAddressInMyAddressPage" time="113.603"/>
  <system-out/>
  <testcase classname="TestCases.MyAddresses_TestCases" name="NavigateToMyaddressPageandvalidateButtons" time="55.897"/>
  <system-out/>
</testsuite> <!-- TestCases.MyAddresses_TestCases -->
