<?xml version="1.0" encoding="UTF-8"?>
<!-- Generated by org.testng.reporters.JUnitReportReporter -->
<testsuite hostname="MUKESHN-WIN10" failures="0" tests="7" name="TestCases.SS_ProfilePageTestCases" time="420.249" errors="0" timestamp="2023-11-03T18:06:35 IST" skipped="0">
  <testcase classname="TestCases.SS_ProfilePageTestCases" name="ValidateButtonsInProfilePage" time="49.282"/>
  <system-out/>
  <testcase classname="TestCases.SS_ProfilePageTestCases" name="ValidateLoginOTPWithInvaidePhnNumForLoginPageInProfilePage" time="65.989"/>
  <system-out/>
  <testcase classname="TestCases.SS_ProfilePageTestCases" name="ValidateSettingPageInProfilePage" time="53.608"/>
  <system-out/>
  <testcase classname="TestCases.SS_ProfilePageTestCases" name="ValidateLoginOTPWithBlankTxtForLoginPageInProfilePage" time="55.637"/>
  <system-out/>
  <testcase classname="TestCases.SS_ProfilePageTestCases" name="ValidatelanguagesAvailableInProfilePage" time="70.451"/>
  <system-out/>
  <testcase classname="TestCases.SS_ProfilePageTestCases" name="ValidateLoginPageInProfilePage" time="73.748"/>
  <system-out/>
  <testcase classname="TestCases.SS_ProfilePageTestCases" name="ValidateTextsInProfilePage" time="51.534"/>
  <system-out/>
</testsuite> <!-- TestCases.SS_ProfilePageTestCases -->
