<?xml version="1.0" encoding="UTF-8"?>
<!-- Generated by org.testng.reporters.JUnitReportReporter -->
<testsuite hostname="MUKESHN-WIN10" failures="0" tests="1" name="TestCases.ProductPage_TestCase" time="69.046" errors="0" timestamp="2024-09-26T17:14:46 IST" skipped="0">
  <testcase classname="TestCases.ProductPage_TestCase" name="VeryFyingProductPageDisplayedFuncns" time="69.046"/>
  <system-out/>
</testsuite> <!-- TestCases.ProductPage_TestCase -->
