<?xml version="1.0" encoding="UTF-8"?>
<!-- Generated by org.testng.reporters.JUnitReportReporter -->
<testsuite hostname="MUKESHN-WIN10" failures="0" tests="1" name="TestCases.MyAddresses_TestCases" time="68.712" errors="0" timestamp="2024-12-17T15:48:36 IST" skipped="0">
  <testcase classname="TestCases.MyAddresses_TestCases" name="NavigateToMyaddressPageandvalidateButtons" time="68.712"/>
  <system-out/>
</testsuite> <!-- TestCases.MyAddresses_TestCases -->
