<?xml version="1.0" encoding="UTF-8"?>
<!-- Generated by org.testng.reporters.JUnitReportReporter -->
<testsuite hostname="MUKESHN-WIN10" failures="0" tests="1" name="TestCases.OrderPage_TestCase" time="246.994" errors="1" timestamp="2025-01-24T13:56:21 IST" skipped="0">
  <testcase classname="TestCases.OrderPage_TestCase" name="ValidationOfACompleteOrderofAnItem" time="246.994">
    <error message="Expected condition failed: waiting for visibility of element located by AppiumBy.accessibilityId: Proceed to buy (tried for 40 second(s) with 500 milliseconds interval)
Build info: version: &#039;4.28.1&#039;, revision: &#039;73f5ad48a2&#039;
System info: os.name: &#039;Windows 10&#039;, os.arch: &#039;amd64&#039;, os.version: &#039;10.0&#039;, java.version: &#039;19.0.2&#039;
Driver info: io.appium.java_client.android.AndroidDriver
Capabilities {appium:app: D:\Eclipse\ProF\proFoamMobA..., appium:appActivity: com.profoam.MainActivity, appium:appPackage: com.profoam, appium:automationName: UiAutomator2, appium:databaseEnabled: false, appium:desired: {app: D:\Eclipse\ProF\proFoamMobA..., appActivity: com.profoam.MainActivity, appPackage: com.profoam, automationName: UiAutomator2, deviceName: MFSEmulator, newCommandTimeout: 3000, noReset: false, platformName: ANDROID}, appium:deviceApiLevel: 34, appium:deviceManufacturer: Google, appium:deviceModel: sdk_gphone64_x86_64, appium:deviceName: emulator-5554, appium:deviceScreenDensity: 560, appium:deviceScreenSize: 1440x3120, appium:deviceUDID: emulator-5554, appium:javascriptEnabled: true, appium:locationContextEnabled: false, appium:networkConnectionEnabled: true, appium:newCommandTimeout: 3000, appium:noReset: false, appium:pixelRatio: 3.5, appium:platformVersion: 14, appium:statBarHeight: 144, appium:takesScreenshot: true, appium:viewportRect: {height: 2748, left: 0, top: 144, width: 1440}, appium:warnings: {}, appium:webStorageEnabled: false, platformName: ANDROID}
Session ID: 10a58963-d5e0-4638-90ac-70199d0eaec1" type="org.openqa.selenium.TimeoutException">
      <![CDATA[org.openqa.selenium.TimeoutException: Expected condition failed: waiting for visibility of element located by AppiumBy.accessibilityId: Proceed to buy (tried for 40 second(s) with 500 milliseconds interval)
Build info: version: '4.28.1', revision: '73f5ad48a2'
System info: os.name: 'Windows 10', os.arch: 'amd64', os.version: '10.0', java.version: '19.0.2'
Driver info: io.appium.java_client.android.AndroidDriver
Capabilities {appium:app: D:\Eclipse\ProF\proFoamMobA..., appium:appActivity: com.profoam.MainActivity, appium:appPackage: com.profoam, appium:automationName: UiAutomator2, appium:databaseEnabled: false, appium:desired: {app: D:\Eclipse\ProF\proFoamMobA..., appActivity: com.profoam.MainActivity, appPackage: com.profoam, automationName: UiAutomator2, deviceName: MFSEmulator, newCommandTimeout: 3000, noReset: false, platformName: ANDROID}, appium:deviceApiLevel: 34, appium:deviceManufacturer: Google, appium:deviceModel: sdk_gphone64_x86_64, appium:deviceName: emulator-5554, appium:deviceScreenDensity: 560, appium:deviceScreenSize: 1440x3120, appium:deviceUDID: emulator-5554, appium:javascriptEnabled: true, appium:locationContextEnabled: false, appium:networkConnectionEnabled: true, appium:newCommandTimeout: 3000, appium:noReset: false, appium:pixelRatio: 3.5, appium:platformVersion: 14, appium:statBarHeight: 144, appium:takesScreenshot: true, appium:viewportRect: {height: 2748, left: 0, top: 144, width: 1440}, appium:warnings: {}, appium:webStorageEnabled: false, platformName: ANDROID}
Session ID: 10a58963-d5e0-4638-90ac-70199d0eaec1
at org.openqa.selenium.support.ui.WebDriverWait.timeoutException(WebDriverWait.java:84)
at org.openqa.selenium.support.ui.FluentWait.until(FluentWait.java:228)
at com.waits.Waits.waiForAnElement(Waits.java:35)
at com.pageObjects.OrderPage.ClickedOnProceedToBuyButton(OrderPage.java:97)
at TestCases.OrderPage_TestCase.ValidationOfACompleteOrderofAnItem(OrderPage_TestCase.java:79)
at java.base/jdk.internal.reflect.DirectMethodHandleAccessor.invoke(DirectMethodHandleAccessor.java:104)
at java.base/java.lang.reflect.Method.invoke(Method.java:578)
at org.testng.internal.invokers.MethodInvocationHelper.invokeMethod(MethodInvocationHelper.java:139)
at org.testng.internal.invokers.TestInvoker.invokeMethod(TestInvoker.java:677)
at org.testng.internal.invokers.TestInvoker.invokeTestMethod(TestInvoker.java:221)
at org.testng.internal.invokers.MethodRunner.runInSequence(MethodRunner.java:50)
at org.testng.internal.invokers.TestInvoker$MethodInvocationAgent.invoke(TestInvoker.java:969)
at org.testng.internal.invokers.TestInvoker.invokeTestMethods(TestInvoker.java:194)
at org.testng.internal.invokers.TestMethodWorker.invokeTestMethods(TestMethodWorker.java:148)
at org.testng.internal.invokers.TestMethodWorker.run(TestMethodWorker.java:128)
at java.base/java.util.ArrayList.forEach(ArrayList.java:1511)
at org.testng.TestRunner.privateRun(TestRunner.java:829)
at org.testng.TestRunner.run(TestRunner.java:602)
at org.testng.SuiteRunner.runTest(SuiteRunner.java:437)
at org.testng.SuiteRunner.runSequentially(SuiteRunner.java:431)
at org.testng.SuiteRunner.privateRun(SuiteRunner.java:391)
at org.testng.SuiteRunner.run(SuiteRunner.java:330)
at org.testng.SuiteRunnerWorker.runSuite(SuiteRunnerWorker.java:52)
at org.testng.SuiteRunnerWorker.run(SuiteRunnerWorker.java:95)
at org.testng.TestNG.runSuitesSequentially(TestNG.java:1256)
at org.testng.TestNG.runSuitesLocally(TestNG.java:1176)
at org.testng.TestNG.runSuites(TestNG.java:1099)
at org.testng.TestNG.run(TestNG.java:1067)
at org.testng.remote.AbstractRemoteTestNG.run(AbstractRemoteTestNG.java:115)
at org.testng.remote.RemoteTestNG.initAndRun(RemoteTestNG.java:251)
at org.testng.remote.RemoteTestNG.main(RemoteTestNG.java:77)
]]>
    </error>
  </testcase> <!-- ValidationOfACompleteOrderofAnItem -->
  <system-out>
    <![CDATA[Failure ScreenShot : ValidationOfACompleteOrderofAnItem
<a href='D:\Eclipse\ProF\proFoamMobAutomationFramework\Screenshots\android_MFSEmulator\2025-01-24-13-56-20\OrderPage_TestCase\ValidationOfACompleteOrderofAnItem.png'> <img src='D:\Eclipse\ProF\proFoamMobAutomationFramework\Screenshots\android_MFSEmulator\2025-01-24-13-56-20\OrderPage_TestCase\ValidationOfACompleteOrderofAnItem.png' height='400' width='400'/> </a>]]>
  </system-out>
</testsuite> <!-- TestCases.OrderPage_TestCase -->
