<?xml version="1.0" encoding="UTF-8"?>
<!-- Generated by org.testng.reporters.JUnitReportReporter -->
<testsuite hostname="MUKESHN-WIN10" failures="0" tests="1" name="TestCases.OrderPage_TestCase" time="333.260" errors="0" timestamp="2024-10-15T16:52:44 IST" skipped="0">
  <testcase classname="TestCases.OrderPage_TestCase" name="ValidationOfAnOrderAfterAddingTaxForAnItem" time="333.260"/>
  <system-out/>
</testsuite> <!-- TestCases.OrderPage_TestCase -->
