<?xml version="1.0" encoding="UTF-8"?>
<!-- Generated by org.testng.reporters.JUnitReportReporter -->
<testsuite hostname="MUKESHN-WIN10" failures="0" tests="1" name="TestCases.SS_SearchPageTestCases" time="48.768" errors="0" timestamp="2023-10-31T15:08:27 IST" skipped="0">
  <testcase classname="TestCases.SS_SearchPageTestCases" name="ValidateSearchPage" time="48.768"/>
  <system-out/>
</testsuite> <!-- TestCases.SS_SearchPageTestCases -->
