<?xml version="1.0" encoding="UTF-8"?>
<!-- Generated by org.testng.reporters.JUnitReportReporter -->
<testsuite hostname="MUKESHN-WIN10" failures="0" tests="2" name="TestCases.SS_HomePageTestCases" time="104.797" errors="0" timestamp="2023-11-03T18:06:35 IST" skipped="0">
  <testcase classname="TestCases.SS_HomePageTestCases" name="ValidateLaunching_App" time="26.794"/>
  <system-out/>
  <testcase classname="TestCases.SS_HomePageTestCases" name="validateLandingPage" time="78.003"/>
  <system-out/>
</testsuite> <!-- TestCases.SS_HomePageTestCases -->
