<?xml version="1.0" encoding="UTF-8"?>
<!-- Generated by org.testng.reporters.JUnitReportReporter -->
<testsuite hostname="MUKESHN-WIN10" failures="0" tests="1" name="TestCases.OrderPage_TestCase" time="268.447" errors="0" timestamp="2024-10-03T15:24:08 IST" skipped="0">
  <testcase classname="TestCases.OrderPage_TestCase" name="ValidationOfACompleteOrderofAnItem" time="268.447"/>
  <system-out/>
</testsuite> <!-- TestCases.OrderPage_TestCase -->
