<?xml version="1.0" encoding="UTF-8"?>
<!-- Generated by org.testng.reporters.JUnitReportReporter -->
<testsuite hostname="MUKESHN-WIN10" failures="0" tests="1" name="TestCases.ProductPage_TestCase" time="65.246" errors="0" timestamp="2024-12-20T14:28:09 IST" skipped="0">
  <testcase classname="TestCases.ProductPage_TestCase" name="VeryFyingProductPageDisplayedFuncns" time="65.246"/>
  <system-out/>
</testsuite> <!-- TestCases.ProductPage_TestCase -->
