<?xml version="1.0" encoding="UTF-8"?>
<!-- Generated by org.testng.reporters.JUnitReportReporter -->
<testsuite hostname="MUKESHN-WIN10" failures="0" tests="2" name="TestCases.SS_NotificationsPageTestCases" time="146.816" errors="0" timestamp="2023-11-03T18:06:35 IST" skipped="0">
  <testcase classname="TestCases.SS_NotificationsPageTestCases" name="ValidateNotifiationsPage" time="59.120"/>
  <system-out/>
  <testcase classname="TestCases.SS_NotificationsPageTestCases" name="ValidateClearAllBtnInNotifiationsPage" time="87.696"/>
  <system-out/>
</testsuite> <!-- TestCases.SS_NotificationsPageTestCases -->
