<?xml version="1.0" encoding="UTF-8"?>
<!-- Generated by org.testng.reporters.JUnitReportReporter -->
<testsuite hostname="MUKESHN-WIN10" failures="0" tests="2" name="TestCases.SS_LoginPageTestCases" time="80.447" errors="0" timestamp="2023-10-20T20:51:20 IST" skipped="0">
  <testcase classname="TestCases.SS_LoginPageTestCases" name="validateLandingPage" time="57.373"/>
  <system-out/>
  <testcase classname="TestCases.SS_LoginPageTestCases" name="ValidateLaunching_App" time="23.074"/>
  <system-out/>
</testsuite> <!-- TestCases.SS_LoginPageTestCases -->
