<?xml version="1.0" encoding="UTF-8"?>
<!-- Generated by org.testng.reporters.JUnitReportReporter -->
<testsuite hostname="MUKESHN-WIN10" failures="0" tests="1" name="TestCases.OrderPage_TestCase" time="70.527" errors="0" timestamp="2024-12-02T15:30:51 IST" skipped="0">
  <testcase classname="TestCases.OrderPage_TestCase" name="ValidationOfOrderingAnewItemIncheckoutPage" time="70.527"/>
  <system-out/>
</testsuite> <!-- TestCases.OrderPage_TestCase -->
