<?xml version="1.0" encoding="UTF-8"?>
<!-- Generated by org.testng.reporters.JUnitReportReporter -->
<testsuite hostname="MUKESHN-WIN10" failures="0" tests="1" name="TestCases.LoginPage_TestCase" time="46.480" errors="0" timestamp="2024-10-14T15:25:32 IST" skipped="0">
  <testcase classname="TestCases.LoginPage_TestCase" name="LandingOnLoginPageValidation" time="46.480"/>
  <system-out/>
</testsuite> <!-- TestCases.LoginPage_TestCase -->
