<?xml version="1.0" encoding="UTF-8"?>
<!-- Generated by org.testng.reporters.JUnitReportReporter -->
<testsuite hostname="MUKESHN-WIN10" failures="0" tests="1" name="TestCases.MyAddresses_TestCases" time="145.455" errors="0" timestamp="2024-10-15T15:09:14 IST" skipped="0">
  <testcase classname="TestCases.MyAddresses_TestCases" name="AddAnewAddressInMyAddressPage" time="145.455"/>
  <system-out/>
</testsuite> <!-- TestCases.MyAddresses_TestCases -->
