<?xml version="1.0" encoding="UTF-8"?>
<!-- Generated by org.testng.reporters.JUnitReportReporter -->
<testsuite hostname="MUKESHN-WIN10" failures="0" tests="1" name="TestCases.MyAddresses_TestCases" time="60.900" errors="0" timestamp="2024-12-23T18:35:39 IST" skipped="0">
  <testcase classname="TestCases.MyAddresses_TestCases" name="NavigateToMyaddressPageandvalidateButtons" time="60.900"/>
  <system-out/>
</testsuite> <!-- TestCases.MyAddresses_TestCases -->
