<?xml version="1.0" encoding="UTF-8"?>
<!-- Generated by org.testng.reporters.JUnitReportReporter -->
<testsuite hostname="MUKESHN-WIN10" failures="0" tests="1" name="TestCases.LoginPage_TestCase" time="60.453" errors="0" timestamp="2024-10-04T15:44:42 IST" skipped="0">
  <testcase classname="TestCases.LoginPage_TestCase" name="LoginValidation" time="60.453"/>
  <system-out/>
</testsuite> <!-- TestCases.LoginPage_TestCase -->
